<?xml version="1.0" encoding="UTF-8"?>
<testng-results skipped="0" failed="0" ignored="0" total="1" passed="1">
  <reporter-output>
  </reporter-output>
  <suite name="Default suite" duration-ms="31932" started-at="2018-11-08T16:09:10Z" finished-at="2018-11-08T16:09:42Z">
    <groups>
    </groups>
    <test name="Default test" duration-ms="31932" started-at="2018-11-08T16:09:10Z" finished-at="2018-11-08T16:09:42Z">
      <class name="com.tehnomanija.qa.tests.HomePageTests">
        <test-method status="PASS" signature="setUp()[pri:0, instance:com.tehnomanija.qa.tests.HomePageTests@4b5d6a01]" name="setUp" is-config="true" duration-ms="6855" started-at="2018-11-08T17:09:10Z" finished-at="2018-11-08T17:09:17Z">
          <reporter-output>
          </reporter-output>
        </test-method> <!-- setUp -->
        <test-method status="PASS" signature="VerifyIfUserIsLoggedIn(java.lang.String, java.lang.String)[pri:0, instance:com.tehnomanija.qa.tests.HomePageTests@4b5d6a01]" name="VerifyIfUserIsLoggedIn" duration-ms="21967" started-at="2018-11-08T17:09:17Z" data-provider="getTestData" finished-at="2018-11-08T17:09:39Z">
          <params>
            <param index="0">
              <value>
                <![CDATA[mirkocar2019@gmail.com]]>
              </value>
            </param>
            <param index="1">
              <value>
                <![CDATA[bradonja55]]>
              </value>
            </param>
          </params>
          <reporter-output>
          </reporter-output>
        </test-method> <!-- VerifyIfUserIsLoggedIn -->
        <test-method status="PASS" signature="cleanUp()[pri:0, instance:com.tehnomanija.qa.tests.HomePageTests@4b5d6a01]" name="cleanUp" is-config="true" duration-ms="681" started-at="2018-11-08T17:09:41Z" finished-at="2018-11-08T17:09:42Z">
          <reporter-output>
          </reporter-output>
        </test-method> <!-- cleanUp -->
      </class> <!-- com.tehnomanija.qa.tests.HomePageTests -->
    </test> <!-- Default test -->
  </suite> <!-- Default suite -->
</testng-results>
