<?xml version="1.0" encoding="UTF-8"?>
<testng-results skipped="0" failed="0" ignored="0" total="1" passed="1">
  <reporter-output>
  </reporter-output>
  <suite name="Default suite" duration-ms="10250" started-at="2018-12-09T13:41:46Z" finished-at="2018-12-09T13:41:56Z">
    <groups>
    </groups>
    <test name="Default test" duration-ms="10250" started-at="2018-12-09T13:41:46Z" finished-at="2018-12-09T13:41:56Z">
      <class name="com.tehnomanija.qa.tests.HomePageTests">
        <test-method status="PASS" signature="setUp()[pri:0, instance:com.tehnomanija.qa.tests.HomePageTests@d8355a8]" name="setUp" is-config="true" duration-ms="6803" started-at="2018-12-09T14:41:46Z" finished-at="2018-12-09T14:41:53Z">
          <reporter-output>
          </reporter-output>
        </test-method> <!-- setUp -->
        <test-method status="PASS" signature="VerifyIfUserIsLoggedIn()[pri:0, instance:com.tehnomanija.qa.tests.HomePageTests@d8355a8]" name="VerifyIfUserIsLoggedIn" duration-ms="2676" started-at="2018-12-09T14:41:53Z" finished-at="2018-12-09T14:41:55Z">
          <reporter-output>
          </reporter-output>
        </test-method> <!-- VerifyIfUserIsLoggedIn -->
        <test-method status="PASS" signature="cleanUp()[pri:0, instance:com.tehnomanija.qa.tests.HomePageTests@d8355a8]" name="cleanUp" is-config="true" duration-ms="749" started-at="2018-12-09T14:41:55Z" finished-at="2018-12-09T14:41:56Z">
          <reporter-output>
          </reporter-output>
        </test-method> <!-- cleanUp -->
      </class> <!-- com.tehnomanija.qa.tests.HomePageTests -->
    </test> <!-- Default test -->
  </suite> <!-- Default suite -->
</testng-results>
